<?xml version="1.0" encoding="UTF-8"?>
<!-- Generated by org.testng.reporters.JUnitXMLReporter -->
<testsuite hostname="A4ML24373" name="Command line test" tests="6" failures="0" timestamp="21 Jan 2019 08:38:04 GMT" time="0.64" errors="0">
  <testcase name="pass" time="0.0" classname="testCases.ReadData"/>
  <testcase name="pass" time="0.015" classname="testCases.ReadData"/>
  <testcase name="pass" time="0.0" classname="testCases.ReadData"/>
  <testcase name="pass" time="0.0" classname="testCases.ReadData"/>
  <testcase name="pass" time="0.0" classname="testCases.ReadData"/>
  <testcase name="pass" time="0.0" classname="testCases.ReadData"/>
</testsuite> <!-- Command line test -->
