<?xml version="1.0" encoding="UTF-8"?>
<!-- Generated by org.testng.reporters.JUnitXMLReporter -->
<testsuite hostname="A4ML24373" name="Surefire test" tests="6" failures="0" timestamp="21 Jan 2019 08:25:24 GMT" time="0.781" errors="0">
  <testcase name="pass" time="0.016" classname="testCases.ReadData"/>
  <testcase name="pass" time="0.0" classname="testCases.ReadData"/>
  <testcase name="pass" time="0.0" classname="testCases.ReadData"/>
  <testcase name="pass" time="0.0" classname="testCases.ReadData"/>
  <testcase name="pass" time="0.0" classname="testCases.ReadData"/>
  <testcase name="pass" time="0.0" classname="testCases.ReadData"/>
</testsuite> <!-- Surefire test -->
