<?xml version="1.0" encoding="UTF-8"?>
<!-- Generated by org.testng.reporters.JUnitXMLReporter -->
<testsuite hostname="A4ML24373" name="Default test" tests="6" failures="0" timestamp="21 Jan 2019 07:26:28 GMT" time="0.589" errors="0">
  <testcase name="pass" time="0.013" classname="testCases.ReadData"/>
  <testcase name="pass" time="0.002" classname="testCases.ReadData"/>
  <testcase name="pass" time="0.003" classname="testCases.ReadData"/>
  <testcase name="pass" time="0.002" classname="testCases.ReadData"/>
  <testcase name="pass" time="0.003" classname="testCases.ReadData"/>
  <testcase name="pass" time="0.001" classname="testCases.ReadData"/>
</testsuite> <!-- Default test -->
